Traceback (most recent call last):
  File "C:\Users\SAI VIGNESH CHINTALA\desktop\work\port\Lib\site-packages\jupyter_cache\executors\utils.py", line 58, in single_nb_execution
    executenb(
  File "C:\Users\SAI VIGNESH CHINTALA\desktop\work\port\Lib\site-packages\nbclient\client.py", line 1319, in execute
    return NotebookClient(nb=nb, resources=resources, km=km, **kwargs).execute()
           ^^^^^^^^^^^^^^^^^^^^^^^^^^^^^^^^^^^^^^^^^^^^^^^^^^^^^^^^^^^^^^^^^^^^^
  File "C:\Users\SAI VIGNESH CHINTALA\desktop\work\port\Lib\site-packages\jupyter_core\utils\__init__.py", line 165, in wrapped
    return loop.run_until_complete(inner)
           ^^^^^^^^^^^^^^^^^^^^^^^^^^^^^^
  File "C:\Program Files\WindowsApps\PythonSoftwareFoundation.Python.3.11_3.11.2544.0_x64__qbz5n2kfra8p0\Lib\asyncio\base_events.py", line 654, in run_until_complete
    return future.result()
           ^^^^^^^^^^^^^^^
  File "C:\Users\SAI VIGNESH CHINTALA\desktop\work\port\Lib\site-packages\nbclient\client.py", line 709, in async_execute
    await self.async_execute_cell(
  File "C:\Users\SAI VIGNESH CHINTALA\desktop\work\port\Lib\site-packages\nbclient\client.py", line 1062, in async_execute_cell
    await self._check_raise_for_error(cell, cell_index, exec_reply)
  File "C:\Users\SAI VIGNESH CHINTALA\desktop\work\port\Lib\site-packages\nbclient\client.py", line 918, in _check_raise_for_error
    raise CellExecutionError.from_cell_and_msg(cell, exec_reply_content)
nbclient.exceptions.CellExecutionError: An error occurred while executing the following cell:
------------------
import joblib

# Load the trained model from MLFlow or use the existing instance
# If `voting_classifier_model` is the already trained model instance:
joblib.dump(voting_classifier_model, "final_model.joblib")

print("Model saved as 'final_model.joblib'")

------------------


[1;31m---------------------------------------------------------------------------[0m
[1;31mNameError[0m                                 Traceback (most recent call last)
Cell [1;32mIn[3], line 5[0m
[0;32m      1[0m [38;5;28;01mimport[39;00m [38;5;21;01mjoblib[39;00m
[0;32m      3[0m [38;5;66;03m# Load the trained model from MLFlow or use the existing instance[39;00m
[0;32m      4[0m [38;5;66;03m# If `voting_classifier_model` is the already trained model instance:[39;00m
[1;32m----> 5[0m joblib[38;5;241m.[39mdump([43mvoting_classifier_model[49m, [38;5;124m"[39m[38;5;124mfinal_model.joblib[39m[38;5;124m"[39m)
[0;32m      7[0m [38;5;28mprint[39m([38;5;124m"[39m[38;5;124mModel saved as [39m[38;5;124m'[39m[38;5;124mfinal_model.joblib[39m[38;5;124m'[39m[38;5;124m"[39m)

[1;31mNameError[0m: name 'voting_classifier_model' is not defined

